<?xml version="1.0" encoding="UTF-8"?>
<testng-results skipped="0" failed="0" ignored="0" total="1" passed="1">
  <reporter-output>
  </reporter-output>
  <suite name="Suite" duration-ms="2816" started-at="2022-03-26T20:26:01 IST" finished-at="2022-03-26T20:26:04 IST">
    <groups>
    </groups>
    <test name="Test" duration-ms="2816" started-at="2022-03-26T20:26:01 IST" finished-at="2022-03-26T20:26:04 IST">
      <class name="rsoperations.Rs1">
        <test-method status="PASS" signature="createnewrecord()[pri:0, instance:rsoperations.Rs1@370736d9]" name="createnewrecord" duration-ms="2790" started-at="2022-03-26T20:26:01 IST" finished-at="2022-03-26T20:26:04 IST">
          <reporter-output>
          </reporter-output>
        </test-method> <!-- createnewrecord -->
      </class> <!-- rsoperations.Rs1 -->
    </test> <!-- Test -->
  </suite> <!-- Suite -->
</testng-results>
